D:\FAKS\3_LETNIK\2_POLOVICA\DIPLOMSKA\TRIANGLE\DEBUG\TRIANGLE.EXE
D:\FAKS\3_LETNIK\2_POLOVICA\DIPLOMSKA\TRIANGLE\DEBUG\TRIANGLE.ILK
D:\FAKS\3_LETNIK\2_POLOVICA\DIPLOMSKA\TRIANGLE\DEBUG\TRIANGLE.PDB
D:\faks\3_letnik\2_polovica\diplomska\Triangle\Triangle\Debug\cl.command.1.tlog
D:\faks\3_letnik\2_polovica\diplomska\Triangle\Triangle\Debug\CL.read.1.tlog
D:\faks\3_letnik\2_polovica\diplomska\Triangle\Triangle\Debug\CL.write.1.tlog
D:\faks\3_letnik\2_polovica\diplomska\Triangle\Triangle\Debug\link.17676.read.1.tlog
D:\faks\3_letnik\2_polovica\diplomska\Triangle\Triangle\Debug\link.17676.write.1.tlog
D:\faks\3_letnik\2_polovica\diplomska\Triangle\Triangle\Debug\link.17676-cvtres.read.1.tlog
D:\faks\3_letnik\2_polovica\diplomska\Triangle\Triangle\Debug\link.17676-cvtres.write.1.tlog
D:\faks\3_letnik\2_polovica\diplomska\Triangle\Triangle\Debug\link.19732.read.1.tlog
D:\faks\3_letnik\2_polovica\diplomska\Triangle\Triangle\Debug\link.19732.write.1.tlog
D:\faks\3_letnik\2_polovica\diplomska\Triangle\Triangle\Debug\link.19732-cvtres.read.1.tlog
D:\faks\3_letnik\2_polovica\diplomska\Triangle\Triangle\Debug\link.19732-cvtres.write.1.tlog
D:\faks\3_letnik\2_polovica\diplomska\Triangle\Triangle\Debug\link.20448.read.1.tlog
D:\faks\3_letnik\2_polovica\diplomska\Triangle\Triangle\Debug\link.20448.write.1.tlog
D:\faks\3_letnik\2_polovica\diplomska\Triangle\Triangle\Debug\link.20448-cvtres.read.1.tlog
D:\faks\3_letnik\2_polovica\diplomska\Triangle\Triangle\Debug\link.20448-cvtres.write.1.tlog
D:\faks\3_letnik\2_polovica\diplomska\Triangle\Triangle\Debug\link.24168.read.1.tlog
D:\faks\3_letnik\2_polovica\diplomska\Triangle\Triangle\Debug\link.24168.write.1.tlog
D:\faks\3_letnik\2_polovica\diplomska\Triangle\Triangle\Debug\link.24168-cvtres.read.1.tlog
D:\faks\3_letnik\2_polovica\diplomska\Triangle\Triangle\Debug\link.24168-cvtres.write.1.tlog
D:\faks\3_letnik\2_polovica\diplomska\Triangle\Triangle\Debug\link.25504.read.1.tlog
D:\faks\3_letnik\2_polovica\diplomska\Triangle\Triangle\Debug\link.25504.write.1.tlog
D:\faks\3_letnik\2_polovica\diplomska\Triangle\Triangle\Debug\link.25504-cvtres.read.1.tlog
D:\faks\3_letnik\2_polovica\diplomska\Triangle\Triangle\Debug\link.25504-cvtres.write.1.tlog
D:\faks\3_letnik\2_polovica\diplomska\Triangle\Triangle\Debug\link.25760.read.1.tlog
D:\faks\3_letnik\2_polovica\diplomska\Triangle\Triangle\Debug\link.25760.write.1.tlog
D:\faks\3_letnik\2_polovica\diplomska\Triangle\Triangle\Debug\link.25760-cvtres.read.1.tlog
D:\faks\3_letnik\2_polovica\diplomska\Triangle\Triangle\Debug\link.25760-cvtres.write.1.tlog
D:\faks\3_letnik\2_polovica\diplomska\Triangle\Triangle\Debug\link.25916.read.1.tlog
D:\faks\3_letnik\2_polovica\diplomska\Triangle\Triangle\Debug\link.25916.write.1.tlog
D:\faks\3_letnik\2_polovica\diplomska\Triangle\Triangle\Debug\link.25916-cvtres.read.1.tlog
D:\faks\3_letnik\2_polovica\diplomska\Triangle\Triangle\Debug\link.25916-cvtres.write.1.tlog
D:\faks\3_letnik\2_polovica\diplomska\Triangle\Triangle\Debug\link.27324.read.1.tlog
D:\faks\3_letnik\2_polovica\diplomska\Triangle\Triangle\Debug\link.27324.write.1.tlog
D:\faks\3_letnik\2_polovica\diplomska\Triangle\Triangle\Debug\link.27324-cvtres.read.1.tlog
D:\faks\3_letnik\2_polovica\diplomska\Triangle\Triangle\Debug\link.27324-cvtres.write.1.tlog
D:\faks\3_letnik\2_polovica\diplomska\Triangle\Triangle\Debug\link.27600.read.1.tlog
D:\faks\3_letnik\2_polovica\diplomska\Triangle\Triangle\Debug\link.27600.write.1.tlog
D:\faks\3_letnik\2_polovica\diplomska\Triangle\Triangle\Debug\link.27600-cvtres.read.1.tlog
D:\faks\3_letnik\2_polovica\diplomska\Triangle\Triangle\Debug\link.27600-cvtres.write.1.tlog
D:\faks\3_letnik\2_polovica\diplomska\Triangle\Triangle\Debug\link.29196.read.1.tlog
D:\faks\3_letnik\2_polovica\diplomska\Triangle\Triangle\Debug\link.29196.write.1.tlog
D:\faks\3_letnik\2_polovica\diplomska\Triangle\Triangle\Debug\link.29196-cvtres.read.1.tlog
D:\faks\3_letnik\2_polovica\diplomska\Triangle\Triangle\Debug\link.29196-cvtres.write.1.tlog
D:\faks\3_letnik\2_polovica\diplomska\Triangle\Triangle\Debug\link.3768.read.1.tlog
D:\faks\3_letnik\2_polovica\diplomska\Triangle\Triangle\Debug\link.3768.write.1.tlog
D:\faks\3_letnik\2_polovica\diplomska\Triangle\Triangle\Debug\link.3768-cvtres.read.1.tlog
D:\faks\3_letnik\2_polovica\diplomska\Triangle\Triangle\Debug\link.3768-cvtres.write.1.tlog
D:\faks\3_letnik\2_polovica\diplomska\Triangle\Triangle\Debug\link.42492.read.1.tlog
D:\faks\3_letnik\2_polovica\diplomska\Triangle\Triangle\Debug\link.42492.write.1.tlog
D:\faks\3_letnik\2_polovica\diplomska\Triangle\Triangle\Debug\link.42492-cvtres.read.1.tlog
D:\faks\3_letnik\2_polovica\diplomska\Triangle\Triangle\Debug\link.42492-cvtres.write.1.tlog
D:\faks\3_letnik\2_polovica\diplomska\Triangle\Triangle\Debug\link.6560.read.1.tlog
D:\faks\3_letnik\2_polovica\diplomska\Triangle\Triangle\Debug\link.6560.write.1.tlog
D:\faks\3_letnik\2_polovica\diplomska\Triangle\Triangle\Debug\link.6560-cvtres.read.1.tlog
D:\faks\3_letnik\2_polovica\diplomska\Triangle\Triangle\Debug\link.6560-cvtres.write.1.tlog
D:\faks\3_letnik\2_polovica\diplomska\Triangle\Triangle\Debug\link.7836.read.1.tlog
D:\faks\3_letnik\2_polovica\diplomska\Triangle\Triangle\Debug\link.7836.write.1.tlog
D:\faks\3_letnik\2_polovica\diplomska\Triangle\Triangle\Debug\link.7836-cvtres.read.1.tlog
D:\faks\3_letnik\2_polovica\diplomska\Triangle\Triangle\Debug\link.7836-cvtres.write.1.tlog
D:\faks\3_letnik\2_polovica\diplomska\Triangle\Triangle\Debug\link.8332.read.1.tlog
D:\faks\3_letnik\2_polovica\diplomska\Triangle\Triangle\Debug\link.8332.write.1.tlog
D:\faks\3_letnik\2_polovica\diplomska\Triangle\Triangle\Debug\link.8332-cvtres.read.1.tlog
D:\faks\3_letnik\2_polovica\diplomska\Triangle\Triangle\Debug\link.8332-cvtres.write.1.tlog
D:\faks\3_letnik\2_polovica\diplomska\Triangle\Triangle\Debug\link.9060.read.1.tlog
D:\faks\3_letnik\2_polovica\diplomska\Triangle\Triangle\Debug\link.9060.write.1.tlog
D:\faks\3_letnik\2_polovica\diplomska\Triangle\Triangle\Debug\link.9060-cvtres.read.1.tlog
D:\faks\3_letnik\2_polovica\diplomska\Triangle\Triangle\Debug\link.9060-cvtres.write.1.tlog
D:\faks\3_letnik\2_polovica\diplomska\Triangle\Triangle\Debug\link.command.1.tlog
D:\faks\3_letnik\2_polovica\diplomska\Triangle\Triangle\Debug\link.read.1.tlog
D:\faks\3_letnik\2_polovica\diplomska\Triangle\Triangle\Debug\link.read.2.tlog
D:\faks\3_letnik\2_polovica\diplomska\Triangle\Triangle\Debug\link.write.1.tlog
D:\faks\3_letnik\2_polovica\diplomska\Triangle\Triangle\Debug\link-cvtres.read.1.tlog
D:\faks\3_letnik\2_polovica\diplomska\Triangle\Triangle\Debug\link-cvtres.write.1.tlog
D:\faks\3_letnik\2_polovica\diplomska\Triangle\Triangle\Debug\mt.command.1.tlog
D:\faks\3_letnik\2_polovica\diplomska\Triangle\Triangle\Debug\mt.read.1.tlog
D:\faks\3_letnik\2_polovica\diplomska\Triangle\Triangle\Debug\mt.write.1.tlog
D:\faks\3_letnik\2_polovica\diplomska\Triangle\Triangle\Debug\rc.command.1.tlog
D:\faks\3_letnik\2_polovica\diplomska\Triangle\Triangle\Debug\rc.read.1.tlog
D:\faks\3_letnik\2_polovica\diplomska\Triangle\Triangle\Debug\rc.write.1.tlog
D:\FAKS\3_LETNIK\2_POLOVICA\DIPLOMSKA\TRIANGLE\TRIANGLE\DEBUG\TRIANGLE.EXE.EMBED.MANIFEST
D:\FAKS\3_LETNIK\2_POLOVICA\DIPLOMSKA\TRIANGLE\TRIANGLE\DEBUG\TRIANGLE.EXE.EMBED.MANIFEST.RES
D:\FAKS\3_LETNIK\2_POLOVICA\DIPLOMSKA\TRIANGLE\TRIANGLE\DEBUG\TRIANGLE.EXE.INTERMEDIATE.MANIFEST
D:\FAKS\3_LETNIK\2_POLOVICA\DIPLOMSKA\TRIANGLE\TRIANGLE\DEBUG\TRIANGLE.OBJ
D:\faks\3_letnik\2_polovica\diplomska\Triangle\Triangle\Debug\Triangle_manifest.rc
D:\faks\3_letnik\2_polovica\diplomska\Triangle\Triangle\Debug\vc100.idb
D:\FAKS\3_LETNIK\2_POLOVICA\DIPLOMSKA\TRIANGLE\TRIANGLE\DEBUG\VC100.PDB
