Build started 31.5.2012 23:59:12.
     1>Project "D:\faks\3_letnik\2_polovica\diplomska\Triangle\Triangle\Triangle.vcxproj" on node 2 (rebuild target(s)).
     1>_PrepareForClean:
         Deleting file "Debug\Triangle.lastbuildstate".
       InitializeBuildStatus:
         Creating "Debug\Triangle.unsuccessfulbuild" because "AlwaysCreate" was specified.
       ClCompile:
         C:\Program Files (x86)\Microsoft Visual Studio 10.0\VC\bin\CL.exe /c /ZI /nologo /W3 /WX- /Od /Oy- /D CODE_ANALYSIS /D WIN32 /D _DEBUG /D _CONSOLE /D _UNICODE /D UNICODE /Gm /EHsc /RTC1 /MDd /GS /fp:precise /Zc:wchar_t /Zc:forScope /Fo"Debug\\" /Fd"Debug\vc100.pdb" /Gd /TP /analyze /errorReport:prompt Triangle.cpp
         Triangle.cpp
     1>d:\faks\3_letnik\2_polovica\diplomska\triangle\triangle\triangle.cpp(259): warning C4305: 'argument' : truncation from 'double' to 'GLfloat'
     1>d:\faks\3_letnik\2_polovica\diplomska\triangle\triangle\triangle.cpp(370): warning C6244: Local declaration of 'vWhite' hides previous declaration at line '21' of 'd:\faks\3_letnik\2_polovica\diplomska\triangle\triangle\triangle.cpp'
       ManifestResourceCompile:
         C:\Program Files (x86)\Microsoft SDKs\Windows\v7.0A\bin\rc.exe /nologo /fo"Debug\Triangle.exe.embed.manifest.res" Debug\Triangle_manifest.rc 
       Link:
         C:\Program Files (x86)\Microsoft Visual Studio 10.0\VC\bin\link.exe /ERRORREPORT:PROMPT /OUT:"D:\faks\3_letnik\2_polovica\diplomska\Triangle\Debug\Triangle.exe" /INCREMENTAL /NOLOGO kernel32.lib user32.lib gdi32.lib winspool.lib comdlg32.lib advapi32.lib shell32.lib ole32.lib oleaut32.lib uuid.lib odbc32.lib odbccp32.lib /MANIFEST /ManifestFile:"Debug\Triangle.exe.intermediate.manifest" /MANIFESTUAC:"level='asInvoker' uiAccess='false'" /DEBUG /PDB:"D:\faks\3_letnik\2_polovica\diplomska\Triangle\Debug\Triangle.pdb" /SUBSYSTEM:CONSOLE /TLBID:1 /DYNAMICBASE /NXCOMPAT /IMPLIB:"D:\faks\3_letnik\2_polovica\diplomska\Triangle\Debug\Triangle.lib" /MACHINE:X86 Debug\Triangle.exe.embed.manifest.res
         Debug\Triangle.obj
         "C:\Users\Gabatto\Desktop\druga\sb5\freeglut-2.6.0\VisualStudio2008Static\Release\freeglut_static.lib"
         C:\Users\Gabatto\Desktop\druga\sb5\VisualStudio2008\GLTools\Release\gltools.lib
     1>LINK : warning LNK4098: defaultlib 'LIBCMT' conflicts with use of other libs; use /NODEFAULTLIB:library
     1>freeglut_static.lib(freeglut_callbacks.obj) : warning LNK4099: PDB 'vc100.pdb' was not found with 'freeglut_static.lib(freeglut_callbacks.obj)' or at 'D:\faks\3_letnik\2_polovica\diplomska\Triangle\Debug\vc100.pdb'; linking object as if no debug info
     1>freeglut_static.lib(freeglut_cursor.obj) : warning LNK4099: PDB 'vc100.pdb' was not found with 'freeglut_static.lib(freeglut_cursor.obj)' or at 'D:\faks\3_letnik\2_polovica\diplomska\Triangle\Debug\vc100.pdb'; linking object as if no debug info
     1>freeglut_static.lib(freeglut_display.obj) : warning LNK4099: PDB 'vc100.pdb' was not found with 'freeglut_static.lib(freeglut_display.obj)' or at 'D:\faks\3_letnik\2_polovica\diplomska\Triangle\Debug\vc100.pdb'; linking object as if no debug info
     1>freeglut_static.lib(freeglut_font.obj) : warning LNK4099: PDB 'vc100.pdb' was not found with 'freeglut_static.lib(freeglut_font.obj)' or at 'D:\faks\3_letnik\2_polovica\diplomska\Triangle\Debug\vc100.pdb'; linking object as if no debug info
     1>freeglut_static.lib(freeglut_font_data.obj) : warning LNK4099: PDB 'vc100.pdb' was not found with 'freeglut_static.lib(freeglut_font_data.obj)' or at 'D:\faks\3_letnik\2_polovica\diplomska\Triangle\Debug\vc100.pdb'; linking object as if no debug info
     1>freeglut_static.lib(freeglut_init.obj) : warning LNK4099: PDB 'vc100.pdb' was not found with 'freeglut_static.lib(freeglut_init.obj)' or at 'D:\faks\3_letnik\2_polovica\diplomska\Triangle\Debug\vc100.pdb'; linking object as if no debug info
     1>freeglut_static.lib(freeglut_input_devices.obj) : warning LNK4099: PDB 'vc100.pdb' was not found with 'freeglut_static.lib(freeglut_input_devices.obj)' or at 'D:\faks\3_letnik\2_polovica\diplomska\Triangle\Debug\vc100.pdb'; linking object as if no debug info
     1>freeglut_static.lib(freeglut_joystick.obj) : warning LNK4099: PDB 'vc100.pdb' was not found with 'freeglut_static.lib(freeglut_joystick.obj)' or at 'D:\faks\3_letnik\2_polovica\diplomska\Triangle\Debug\vc100.pdb'; linking object as if no debug info
     1>freeglut_static.lib(freeglut_main.obj) : warning LNK4099: PDB 'vc100.pdb' was not found with 'freeglut_static.lib(freeglut_main.obj)' or at 'D:\faks\3_letnik\2_polovica\diplomska\Triangle\Debug\vc100.pdb'; linking object as if no debug info
     1>freeglut_static.lib(freeglut_menu.obj) : warning LNK4099: PDB 'vc100.pdb' was not found with 'freeglut_static.lib(freeglut_menu.obj)' or at 'D:\faks\3_letnik\2_polovica\diplomska\Triangle\Debug\vc100.pdb'; linking object as if no debug info
     1>freeglut_static.lib(freeglut_spaceball.obj) : warning LNK4099: PDB 'vc100.pdb' was not found with 'freeglut_static.lib(freeglut_spaceball.obj)' or at 'D:\faks\3_letnik\2_polovica\diplomska\Triangle\Debug\vc100.pdb'; linking object as if no debug info
     1>freeglut_static.lib(freeglut_state.obj) : warning LNK4099: PDB 'vc100.pdb' was not found with 'freeglut_static.lib(freeglut_state.obj)' or at 'D:\faks\3_letnik\2_polovica\diplomska\Triangle\Debug\vc100.pdb'; linking object as if no debug info
     1>freeglut_static.lib(freeglut_stroke_mono_roman.obj) : warning LNK4099: PDB 'vc100.pdb' was not found with 'freeglut_static.lib(freeglut_stroke_mono_roman.obj)' or at 'D:\faks\3_letnik\2_polovica\diplomska\Triangle\Debug\vc100.pdb'; linking object as if no debug info
     1>freeglut_static.lib(freeglut_stroke_roman.obj) : warning LNK4099: PDB 'vc100.pdb' was not found with 'freeglut_static.lib(freeglut_stroke_roman.obj)' or at 'D:\faks\3_letnik\2_polovica\diplomska\Triangle\Debug\vc100.pdb'; linking object as if no debug info
     1>freeglut_static.lib(freeglut_structure.obj) : warning LNK4099: PDB 'vc100.pdb' was not found with 'freeglut_static.lib(freeglut_structure.obj)' or at 'D:\faks\3_letnik\2_polovica\diplomska\Triangle\Debug\vc100.pdb'; linking object as if no debug info
     1>freeglut_static.lib(freeglut_window.obj) : warning LNK4099: PDB 'vc100.pdb' was not found with 'freeglut_static.lib(freeglut_window.obj)' or at 'D:\faks\3_letnik\2_polovica\diplomska\Triangle\Debug\vc100.pdb'; linking object as if no debug info
     1>gltools.lib(GLBatch.obj) : warning LNK4099: PDB 'vc90.pdb' was not found with 'gltools.lib(GLBatch.obj)' or at 'D:\faks\3_letnik\2_polovica\diplomska\Triangle\Debug\vc90.pdb'; linking object as if no debug info
     1>gltools.lib(glew.obj) : warning LNK4099: PDB 'vc90.pdb' was not found with 'gltools.lib(glew.obj)' or at 'D:\faks\3_letnik\2_polovica\diplomska\Triangle\Debug\vc90.pdb'; linking object as if no debug info
     1>gltools.lib(GLShaderManager.obj) : warning LNK4099: PDB 'vc90.pdb' was not found with 'gltools.lib(GLShaderManager.obj)' or at 'D:\faks\3_letnik\2_polovica\diplomska\Triangle\Debug\vc90.pdb'; linking object as if no debug info
     1>gltools.lib(GLTools.obj) : warning LNK4099: PDB 'vc90.pdb' was not found with 'gltools.lib(GLTools.obj)' or at 'D:\faks\3_letnik\2_polovica\diplomska\Triangle\Debug\vc90.pdb'; linking object as if no debug info
     1>gltools.lib(GLTriangleBatch.obj) : warning LNK4099: PDB 'vc90.pdb' was not found with 'gltools.lib(GLTriangleBatch.obj)' or at 'D:\faks\3_letnik\2_polovica\diplomska\Triangle\Debug\vc90.pdb'; linking object as if no debug info
     1>gltools.lib(math3d.obj) : warning LNK4099: PDB 'vc90.pdb' was not found with 'gltools.lib(math3d.obj)' or at 'D:\faks\3_letnik\2_polovica\diplomska\Triangle\Debug\vc90.pdb'; linking object as if no debug info
       Manifest:
         Deleting file "Debug\Triangle.exe.embed.manifest".
         C:\Program Files (x86)\Microsoft SDKs\Windows\v7.0A\bin\mt.exe /nologo /verbose /out:"Debug\Triangle.exe.embed.manifest" /manifest Debug\Triangle.exe.intermediate.manifest
         C:\Program Files (x86)\Microsoft SDKs\Windows\v7.0A\bin\rc.exe /nologo /fo"Debug\Triangle.exe.embed.manifest.res" Debug\Triangle_manifest.rc 
       LinkEmbedManifest:
         C:\Program Files (x86)\Microsoft Visual Studio 10.0\VC\bin\link.exe /ERRORREPORT:PROMPT /OUT:"D:\faks\3_letnik\2_polovica\diplomska\Triangle\Debug\Triangle.exe" /INCREMENTAL /NOLOGO kernel32.lib user32.lib gdi32.lib winspool.lib comdlg32.lib advapi32.lib shell32.lib ole32.lib oleaut32.lib uuid.lib odbc32.lib odbccp32.lib /MANIFEST /ManifestFile:"Debug\Triangle.exe.intermediate.manifest" /MANIFESTUAC:"level='asInvoker' uiAccess='false'" /DEBUG /PDB:"D:\faks\3_letnik\2_polovica\diplomska\Triangle\Debug\Triangle.pdb" /SUBSYSTEM:CONSOLE /TLBID:1 /DYNAMICBASE /NXCOMPAT /IMPLIB:"D:\faks\3_letnik\2_polovica\diplomska\Triangle\Debug\Triangle.lib" /MACHINE:X86 Debug\Triangle.exe.embed.manifest.res
         Debug\Triangle.obj
         "C:\Users\Gabatto\Desktop\druga\sb5\freeglut-2.6.0\VisualStudio2008Static\Release\freeglut_static.lib"
         C:\Users\Gabatto\Desktop\druga\sb5\VisualStudio2008\GLTools\Release\gltools.lib
     1>LINK : warning LNK4098: defaultlib 'LIBCMT' conflicts with use of other libs; use /NODEFAULTLIB:library
     1>freeglut_static.lib(freeglut_callbacks.obj) : warning LNK4099: PDB 'vc100.pdb' was not found with 'freeglut_static.lib(freeglut_callbacks.obj)' or at 'D:\faks\3_letnik\2_polovica\diplomska\Triangle\Debug\vc100.pdb'; linking object as if no debug info
     1>freeglut_static.lib(freeglut_cursor.obj) : warning LNK4099: PDB 'vc100.pdb' was not found with 'freeglut_static.lib(freeglut_cursor.obj)' or at 'D:\faks\3_letnik\2_polovica\diplomska\Triangle\Debug\vc100.pdb'; linking object as if no debug info
     1>freeglut_static.lib(freeglut_display.obj) : warning LNK4099: PDB 'vc100.pdb' was not found with 'freeglut_static.lib(freeglut_display.obj)' or at 'D:\faks\3_letnik\2_polovica\diplomska\Triangle\Debug\vc100.pdb'; linking object as if no debug info
     1>freeglut_static.lib(freeglut_font.obj) : warning LNK4099: PDB 'vc100.pdb' was not found with 'freeglut_static.lib(freeglut_font.obj)' or at 'D:\faks\3_letnik\2_polovica\diplomska\Triangle\Debug\vc100.pdb'; linking object as if no debug info
     1>freeglut_static.lib(freeglut_font_data.obj) : warning LNK4099: PDB 'vc100.pdb' was not found with 'freeglut_static.lib(freeglut_font_data.obj)' or at 'D:\faks\3_letnik\2_polovica\diplomska\Triangle\Debug\vc100.pdb'; linking object as if no debug info
     1>freeglut_static.lib(freeglut_init.obj) : warning LNK4099: PDB 'vc100.pdb' was not found with 'freeglut_static.lib(freeglut_init.obj)' or at 'D:\faks\3_letnik\2_polovica\diplomska\Triangle\Debug\vc100.pdb'; linking object as if no debug info
     1>freeglut_static.lib(freeglut_input_devices.obj) : warning LNK4099: PDB 'vc100.pdb' was not found with 'freeglut_static.lib(freeglut_input_devices.obj)' or at 'D:\faks\3_letnik\2_polovica\diplomska\Triangle\Debug\vc100.pdb'; linking object as if no debug info
     1>freeglut_static.lib(freeglut_joystick.obj) : warning LNK4099: PDB 'vc100.pdb' was not found with 'freeglut_static.lib(freeglut_joystick.obj)' or at 'D:\faks\3_letnik\2_polovica\diplomska\Triangle\Debug\vc100.pdb'; linking object as if no debug info
     1>freeglut_static.lib(freeglut_main.obj) : warning LNK4099: PDB 'vc100.pdb' was not found with 'freeglut_static.lib(freeglut_main.obj)' or at 'D:\faks\3_letnik\2_polovica\diplomska\Triangle\Debug\vc100.pdb'; linking object as if no debug info
     1>freeglut_static.lib(freeglut_menu.obj) : warning LNK4099: PDB 'vc100.pdb' was not found with 'freeglut_static.lib(freeglut_menu.obj)' or at 'D:\faks\3_letnik\2_polovica\diplomska\Triangle\Debug\vc100.pdb'; linking object as if no debug info
     1>freeglut_static.lib(freeglut_spaceball.obj) : warning LNK4099: PDB 'vc100.pdb' was not found with 'freeglut_static.lib(freeglut_spaceball.obj)' or at 'D:\faks\3_letnik\2_polovica\diplomska\Triangle\Debug\vc100.pdb'; linking object as if no debug info
     1>freeglut_static.lib(freeglut_state.obj) : warning LNK4099: PDB 'vc100.pdb' was not found with 'freeglut_static.lib(freeglut_state.obj)' or at 'D:\faks\3_letnik\2_polovica\diplomska\Triangle\Debug\vc100.pdb'; linking object as if no debug info
     1>freeglut_static.lib(freeglut_stroke_mono_roman.obj) : warning LNK4099: PDB 'vc100.pdb' was not found with 'freeglut_static.lib(freeglut_stroke_mono_roman.obj)' or at 'D:\faks\3_letnik\2_polovica\diplomska\Triangle\Debug\vc100.pdb'; linking object as if no debug info
     1>freeglut_static.lib(freeglut_stroke_roman.obj) : warning LNK4099: PDB 'vc100.pdb' was not found with 'freeglut_static.lib(freeglut_stroke_roman.obj)' or at 'D:\faks\3_letnik\2_polovica\diplomska\Triangle\Debug\vc100.pdb'; linking object as if no debug info
     1>freeglut_static.lib(freeglut_structure.obj) : warning LNK4099: PDB 'vc100.pdb' was not found with 'freeglut_static.lib(freeglut_structure.obj)' or at 'D:\faks\3_letnik\2_polovica\diplomska\Triangle\Debug\vc100.pdb'; linking object as if no debug info
     1>freeglut_static.lib(freeglut_window.obj) : warning LNK4099: PDB 'vc100.pdb' was not found with 'freeglut_static.lib(freeglut_window.obj)' or at 'D:\faks\3_letnik\2_polovica\diplomska\Triangle\Debug\vc100.pdb'; linking object as if no debug info
     1>gltools.lib(GLBatch.obj) : warning LNK4099: PDB 'vc90.pdb' was not found with 'gltools.lib(GLBatch.obj)' or at 'D:\faks\3_letnik\2_polovica\diplomska\Triangle\Debug\vc90.pdb'; linking object as if no debug info
     1>gltools.lib(glew.obj) : warning LNK4099: PDB 'vc90.pdb' was not found with 'gltools.lib(glew.obj)' or at 'D:\faks\3_letnik\2_polovica\diplomska\Triangle\Debug\vc90.pdb'; linking object as if no debug info
     1>gltools.lib(GLShaderManager.obj) : warning LNK4099: PDB 'vc90.pdb' was not found with 'gltools.lib(GLShaderManager.obj)' or at 'D:\faks\3_letnik\2_polovica\diplomska\Triangle\Debug\vc90.pdb'; linking object as if no debug info
     1>gltools.lib(GLTools.obj) : warning LNK4099: PDB 'vc90.pdb' was not found with 'gltools.lib(GLTools.obj)' or at 'D:\faks\3_letnik\2_polovica\diplomska\Triangle\Debug\vc90.pdb'; linking object as if no debug info
     1>gltools.lib(GLTriangleBatch.obj) : warning LNK4099: PDB 'vc90.pdb' was not found with 'gltools.lib(GLTriangleBatch.obj)' or at 'D:\faks\3_letnik\2_polovica\diplomska\Triangle\Debug\vc90.pdb'; linking object as if no debug info
     1>gltools.lib(math3d.obj) : warning LNK4099: PDB 'vc90.pdb' was not found with 'gltools.lib(math3d.obj)' or at 'D:\faks\3_letnik\2_polovica\diplomska\Triangle\Debug\vc90.pdb'; linking object as if no debug info
         Triangle.vcxproj -> D:\faks\3_letnik\2_polovica\diplomska\Triangle\Debug\Triangle.exe
       RunCodeAnalysis:
         Running Code Analysis...
         C:\Program Files (x86)\Microsoft Visual Studio 10.0\Team Tools\Static Analysis Tools\FxCop\FxCopCmd.exe  /outputCulture:1033 /out:"D:\faks\3_letnik\2_polovica\diplomska\Triangle\Debug\Triangle.exe.CodeAnalysisLog.xml" /file:"D:\faks\3_letnik\2_polovica\diplomska\Triangle\Debug\Triangle.exe" /ruleSet:"=MinimumRecommendedRules.ruleset" /rulesetdirectory:"C:\Program Files (x86)\Microsoft Visual Studio 10.0\Team Tools\Static Analysis Tools\\Rule Sets" /rule:"-C:\Program Files (x86)\Microsoft Visual Studio 10.0\Team Tools\Static Analysis Tools\FxCop\\Rules" /searchgac /ignoreinvalidtargets /forceoutput /successfile /ignoregeneratedcode /saveMessagesToReport:Active /timeout:120 
         Code Analysis Complete -- 0 error(s), 0 warning(s)
       FinalizeBuildStatus:
         Deleting file "Debug\Triangle.unsuccessfulbuild".
         Touching "Debug\Triangle.lastbuildstate".
     1>Done Building Project "D:\faks\3_letnik\2_polovica\diplomska\Triangle\Triangle\Triangle.vcxproj" (rebuild target(s)).

Build succeeded.

Time Elapsed 00:00:06.13
